<?xml version="1.0" encoding="UTF-8"?>
<!-- Generated by org.testng.reporters.JUnitXMLReporter -->
<testsuite ignored="1" hostname="Sam" failures="0" tests="2" name="Car Loan" time="0.024" errors="0" timestamp="2024-07-08T18:33:36 EDT">
  <testcase classname="Test.Day3" name="webLogin" time="0.003"/>
  <testcase classname="Test.Day3" name="loginAPI" time="0.0"/>
  <testcase classname="Test.Day3" name="mobileLogin" time="0.0">
    <ignored/>
  </testcase> <!-- mobileLogin -->
</testsuite> <!-- Car Loan -->
