<?xml version="1.0" encoding="UTF-8"?>
<!-- Generated by org.testng.reporters.JUnitXMLReporter -->
<testsuite ignored="0" hostname="Sam" failures="1" tests="9" name="Loan Department" time="0.043" errors="0" timestamp="2024-07-08T18:33:36 EDT">
  <testcase classname="Test.Day1" name="getAPIKey" time="0.004"/>
  <testcase classname="Test.Day1" name="getURL" time="0.006">
    <failure type="java.lang.AssertionError" message="expected [true] but found [false]">
      <![CDATA[java.lang.AssertionError: expected [true] but found [false]
at Test.Day1.getURL(Day1.java:27)
at java.base/java.util.ArrayList.forEach(ArrayList.java:1596)
at java.base/java.util.concurrent.FutureTask.run(FutureTask.java:317)
at java.base/java.util.concurrent.ThreadPoolExecutor.runWorker(ThreadPoolExecutor.java:1144)
at java.base/java.util.concurrent.ThreadPoolExecutor$Worker.run(ThreadPoolExecutor.java:642)
at java.base/java.lang.Thread.run(Thread.java:1583)
... Removed 19 stack frames]]>
    </failure>
  </testcase> <!-- getURL -->
  <testcase classname="Test.Day1" name="helloWorld" time="0.001"/>
  <testcase classname="Test.Day1" name="helloWorld2" time="0.001"/>
  <testcase classname="Test.Day2" name="helloWorld3" time="0.001"/>
  <testcase classname="Test.Day2" name="helloWorld4" time="0.001"/>
  <testcase classname="Test.Day4" name="login" time="0.001"/>
  <testcase classname="Test.Day4" name="login" time="0.001"/>
  <testcase classname="Test.Day4" name="login" time="0.0"/>
</testsuite> <!-- Loan Department -->
