<?xml version="1.0" encoding="UTF-8"?>
<!-- Generated by org.testng.reporters.JUnitXMLReporter -->
<testsuite ignored="3" hostname="Sam" failures="0" tests="4" name="Smoke" time="0.025" errors="0" timestamp="2024-07-08T14:50:19 EDT">
  <testcase classname="Test.Day1" name="helloWorld" time="0.003"/>
  <testcase classname="Test.Day2" name="helloWorld4" time="0.0"/>
  <testcase classname="Test.Day3" name="loginAPI" time="0.0"/>
  <testcase classname="Test.Day3" name="webLogin" time="0.0"/>
  <testcase classname="Test.Day3" name="mobileLogin" time="0.0">
    <ignored/>
  </testcase> <!-- mobileLogin -->
  <testcase classname="Test.Day2" name="helloWorld3" time="0.0">
    <ignored/>
  </testcase> <!-- helloWorld3 -->
  <testcase classname="Test.Day1" name="helloWorld2" time="0.0">
    <ignored/>
  </testcase> <!-- helloWorld2 -->
</testsuite> <!-- Smoke -->
