<?xml version="1.0" encoding="UTF-8"?>
<!-- Generated by org.testng.reporters.JUnitXMLReporter -->
<testsuite ignored="0" hostname="Sam" failures="0" tests="4" name="Test" time="0.031" errors="0" timestamp="2024-07-07T15:12:47 EDT">
  <testcase classname="Test.Day1" name="helloWorld" time="0.004"/>
  <testcase classname="Test.Day1" name="helloWorld2" time="0.001"/>
  <testcase classname="Test.Day2" name="helloWorld3" time="0.001"/>
  <testcase classname="Test.Day4" name="logout" time="0.0"/>
</testsuite> <!-- Test -->
