<?xml version="1.0" encoding="UTF-8"?>
<testng-results ignored="0" total="2" passed="2" failed="0" skipped="0">
  <reporter-output>
  </reporter-output>
  <suite started-at="2024-07-09T16:00:15 EDT" name="Default suite" finished-at="2024-07-09T16:00:15 EDT" duration-ms="35">
    <groups>
    </groups>
    <test started-at="2024-07-09T16:00:15 EDT" name="Default test" finished-at="2024-07-09T16:00:15 EDT" duration-ms="35">
      <class name="coreJava.PS1">
        <test-method is-config="true" signature="beforeRun()[pri:0, instance:coreJava.PS1@f09733f]" started-at="2024-07-09T16:00:15 EDT" name="beforeRun" finished-at="2024-07-09T16:00:15 EDT" duration-ms="6" status="PASS">
          <reporter-output>
          </reporter-output>
        </test-method> <!-- beforeRun -->
        <test-method signature="doThis()[pri:0, instance:coreJava.PS1@f09733f]" started-at="2024-07-09T16:00:15 EDT" name="doThis" finished-at="2024-07-09T16:00:15 EDT" duration-ms="3" status="PASS">
          <reporter-output>
          </reporter-output>
        </test-method> <!-- doThis -->
        <test-method is-config="true" signature="afterRun()[pri:0, instance:coreJava.PS1@f09733f]" started-at="2024-07-09T16:00:15 EDT" name="afterRun" finished-at="2024-07-09T16:00:15 EDT" duration-ms="0" status="PASS">
          <reporter-output>
          </reporter-output>
        </test-method> <!-- afterRun -->
        <test-method signature="testRun()[pri:0, instance:coreJava.PS1@f09733f]" started-at="2024-07-09T16:00:15 EDT" name="testRun" finished-at="2024-07-09T16:00:15 EDT" duration-ms="5" status="PASS">
          <reporter-output>
          </reporter-output>
        </test-method> <!-- testRun -->
        <test-method is-config="true" signature="beforeRun()[pri:0, instance:coreJava.PS1@f09733f]" started-at="2024-07-09T16:00:15 EDT" name="beforeRun" finished-at="2024-07-09T16:00:15 EDT" duration-ms="0" status="PASS">
          <reporter-output>
          </reporter-output>
        </test-method> <!-- beforeRun -->
        <test-method is-config="true" signature="afterRun()[pri:0, instance:coreJava.PS1@f09733f]" started-at="2024-07-09T16:00:15 EDT" name="afterRun" finished-at="2024-07-09T16:00:15 EDT" duration-ms="0" status="PASS">
          <reporter-output>
          </reporter-output>
        </test-method> <!-- afterRun -->
      </class> <!-- coreJava.PS1 -->
    </test> <!-- Default test -->
  </suite> <!-- Default suite -->
</testng-results>
